[2023-03-03 11:49:16:285][main] INFO  c.e.w.WeatherDiaryApplication - Starting WeatherDiaryApplication using Java 11.0.16.1 on Hennessy.local with PID 2472 (/Users/hennessy_on_melody/Desktop/Project/weather_project/weather_diary/build/classes/java/main started by hennessy_on_melody in /Users/hennessy_on_melody/Desktop/Project/weather_project/weather_diary)
[2023-03-03 11:49:16:286][main] INFO  c.e.w.WeatherDiaryApplication - No active profile set, falling back to 1 default profile: "default"
[2023-03-03 11:49:17:633][main] INFO  o.s.d.r.c.RepositoryConfigurationDelegate - Bootstrapping Spring Data JPA repositories in DEFAULT mode.
[2023-03-03 11:49:17:653][main] INFO  o.s.d.r.c.RepositoryConfigurationDelegate - Finished Spring Data repository scanning in 16 ms. Found 2 JPA repository interfaces.
[2023-03-03 11:49:17:873][main] INFO  o.s.b.w.e.tomcat.TomcatWebServer - Tomcat initialized with port(s): 8080 (http)
[2023-03-03 11:49:17:877][main] INFO  o.a.coyote.http11.Http11NioProtocol - Initializing ProtocolHandler ["http-nio-8080"]
[2023-03-03 11:49:17:877][main] INFO  o.a.catalina.core.StandardService - Starting service [Tomcat]
[2023-03-03 11:49:17:877][main] INFO  o.a.catalina.core.StandardEngine - Starting Servlet engine: [Apache Tomcat/9.0.71]
[2023-03-03 11:49:17:964][main] INFO  o.a.c.c.C.[Tomcat].[localhost].[/] - Initializing Spring embedded WebApplicationContext
[2023-03-03 11:49:17:965][main] INFO  o.s.b.w.s.c.ServletWebServerApplicationContext - Root WebApplicationContext: initialization completed in 664 ms
[2023-03-03 11:49:17:1033][main] INFO  o.h.jpa.internal.util.LogHelper - HHH000204: Processing PersistenceUnitInfo [name: default]
[2023-03-03 11:49:17:1047][main] INFO  org.hibernate.Version - HHH000412: Hibernate ORM core version 5.6.15.Final
[2023-03-03 11:49:17:1098][main] INFO  o.h.annotations.common.Version - HCANN000001: Hibernate Commons Annotations {5.1.2.Final}
[2023-03-03 11:49:17:1134][main] INFO  com.zaxxer.hikari.HikariDataSource - HikariPool-1 - Starting...
[2023-03-03 11:49:17:1162][main] INFO  com.zaxxer.hikari.HikariDataSource - HikariPool-1 - Start completed.
[2023-03-03 11:49:17:1169][main] INFO  org.hibernate.dialect.Dialect - HHH000400: Using dialect: org.hibernate.dialect.MariaDB106Dialect
[2023-03-03 11:49:18:1462][main] INFO  o.h.e.t.j.p.i.JtaPlatformInitiator - HHH000490: Using JtaPlatform implementation: [org.hibernate.engine.transaction.jta.platform.internal.NoJtaPlatform]
[2023-03-03 11:49:18:1466][main] INFO  o.s.o.j.LocalContainerEntityManagerFactoryBean - Initialized JPA EntityManagerFactory for persistence unit 'default'
[2023-03-03 11:49:18:1707][main] WARN  o.s.b.a.o.j.JpaBaseConfiguration$JpaWebConfiguration - spring.jpa.open-in-view is enabled by default. Therefore, database queries may be performed during view rendering. Explicitly configure spring.jpa.open-in-view to disable this warning
[2023-03-03 11:49:18:1897][main] INFO  o.a.coyote.http11.Http11NioProtocol - Starting ProtocolHandler ["http-nio-8080"]
[2023-03-03 11:49:18:1904][main] INFO  o.s.b.w.e.tomcat.TomcatWebServer - Tomcat started on port(s): 8080 (http) with context path ''
[2023-03-03 11:49:18:1988][main] INFO  c.e.w.WeatherDiaryApplication - Started WeatherDiaryApplication in 1.9 seconds (JVM running for 2.223)
[2023-03-03 11:49:30:13730][http-nio-8080-exec-1] INFO  o.a.c.c.C.[Tomcat].[localhost].[/] - Initializing Spring DispatcherServlet 'dispatcherServlet'
[2023-03-03 11:49:30:13731][http-nio-8080-exec-1] INFO  o.s.web.servlet.DispatcherServlet - Initializing Servlet 'dispatcherServlet'
[2023-03-03 11:49:30:13731][http-nio-8080-exec-1] INFO  o.s.web.servlet.DispatcherServlet - Completed initialization in 0 ms
